Case #1: 4 
Case #2: 1 
Case #3: IMPOSSIBLE
Case #4: 1 2 
Case #5: 2 9 
Case #6: 288230376151711744 
Case #7: 686364327 105700106286 
Case #8: 12345679000000000 
Case #9: 34632060025006 16658020872027506 33281409684030006 49904798496032506 66528187308035005 
Case #10: IMPOSSIBLE
Case #11: 1 2 3 4 
Case #12: 739789384 301094278931 601448768478 901803258025 1202157747572 1502512237119 1802866726666 2103221216213 2403575493238 
Case #13: 103 30406 60709 91012 121315 151618 181921 212224 242527 272830 303133 333436 363739 394042 424345 454648 484951 515254 545557 575860 606163 636466 666769 697072 727375 757678 787981 818284 848587 878890 909193 939496 969799 1000000 
Case #14: 6 
Case #15: 241922298543 89511250460622 178780578622701 268049906784780 357319234945008 
Case #16: 1 2 3 4 5 6 7 8 9 10 11 12 13 14 15 16 17 18 19 20 
Case #17: 1 
Case #18: 28 
Case #19: 18 
Case #20: 1159 149399 297639 445879 594119 742359 890599 1038839 1185921 
Case #21: 526810509904322 243913266085700745 487299721661497168 730686177237293590 
Case #22: 2 12 
Case #23: 1235 56790 
Case #24: IMPOSSIBLE
Case #25: 102030405060709 91011121314151618 181920212223242527 272829303132333436 363738394041424345 454647484950515254 545556575859606163 636465666768697072 727374757677787981 818283848586878890 909192939495969799 1000000000000000000 
Case #26: IMPOSSIBLE
Case #27: IMPOSSIBLE
Case #28: 228 12048 23868 35672 
Case #29: IMPOSSIBLE
Case #30: 274877906944 
Case #31: 1985700117 359411721078 716833239318 
Case #32: 32 
Case #33: IMPOSSIBLE
Case #34: IMPOSSIBLE
Case #35: IMPOSSIBLE
Case #36: 672605 43046721 
Case #37: IMPOSSIBLE
Case #38: IMPOSSIBLE
Case #39: 14424015005 5553245776605 11092067538205 16630889299805 22169711061405 27708532823005 33232930569601 
Case #40: 2324522934 
Case #41: 96 26325 52554 78783 105012 131241 157470 183699 209928 236157 262386 288615 314844 341073 367302 393531 419760 445989 472218 498447 524676 550905 577134 603363 629592 655821 682050 708279 734508 760737 786966 
Case #42: 1 
Case #43: 15473896 2831722835 5647971774 8464220712 
Case #44: 448 
Case #45: 70914128 10849861496 21628800000 
Case #46: 10204 4050608 8091012 12131416 16171820 20212224 24252628 28293032 32333436 36373840 40414244 44454648 48495052 52535456 56575860 60616264 64656668 68697072 72737476 76777880 80818284 84858688 88899092 92939496 96979900 
Case #47: IMPOSSIBLE
Case #48: 623749 57384866 
Case #49: IMPOSSIBLE
Case #50: 268822560488 170164680788336 340060539016184 509956397244032 679852255471880 849748113699728 1019643971927576 1189539830155424 1359435688383272 1529331546611120 
Case #51: 4503599627370496 
Case #52: 2 204 406 608 810 1012 1214 1416 1618 1820 2022 2224 2426 2628 2830 3032 3234 3436 3638 3840 4042 4244 4446 4648 4850 5052 5254 5456 5658 5860 6062 6264 6466 6668 6870 7072 7274 7476 7678 7880 8082 8284 8486 8688 8890 9092 9294 9496 9698 9900 
Case #53: 386182716893 259900968468381 519415754219869 778930539971357 1038445325722845 1297960111474333 1557474897225821 1816989682977309 2076504468728797 2336019254480285 2595534040224375 
Case #54: 3188646 
Case #55: 45233326572868 
Case #56: 2466070017848408 623915695592603163 
Case #57: IMPOSSIBLE
Case #58: 15264778 5602173196 11189081614 16775990032 22362898450 27949806868 33536715286 39123623704 44710532122 50297440540 55884102752 
Case #59: 1 
Case #60: 4 
Case #61: 155567147357 89762244024477 179368920901597 268975597778717 358582274655837 448188951532957 537795628410077 627402305287197 717008982164317 806460091894081 
Case #62: IMPOSSIBLE
Case #63: 8 
Case #64: 54 8013 15972 23931 31890 39849 47808 55767 63726 71685 79644 87603 95562 103521 111480 119439 127398 
Case #65: 7 64 
Case #66: IMPOSSIBLE
Case #67: 162 
Case #68: 24857812965894 11459451777276774 22894045741587654 34328639705898534 45763233670207108 
Case #69: 1 
Case #70: 1 
Case #71: 5628 1648728 3291828 4934928 6578028 8221128 9864228 11507328 13150428 14793528 16436628 18079728 19722828 21365928 23009028 24652128 26295228 27938328 29581352 
Case #72: IMPOSSIBLE
Case #73: IMPOSSIBLE
Case #74: 94148410 54888522484 109682896558 164477270632 219271644706 274066018780 328860392854 383654766928 438449141002 493243515076 548037889150 602832263224 657626637298 712421011372 767215385446 822009759520 876803172896 
Case #75: 75056076634006 39854776692656756 79634497308679506 119414217924702256 159193938540725006 198973658680092288 
Case #76: 258179 80293384 160328589 240363794 320398999 400434204 480469409 560504614 640539819 720575024 800610229 880645434 960680574 
Case #77: 1193047 126462926 251658240 
Case #78: IMPOSSIBLE
Case #79: 100063090197999414 
Case #80: IMPOSSIBLE
Case #81: IMPOSSIBLE
Case #82: IMPOSSIBLE
Case #83: 85591965318 18915824335158 37745894905442 
Case #84: IMPOSSIBLE
Case #85: 2 
Case #86: IMPOSSIBLE
Case #87: 1 2 3 4 5 6 7 8 9 10 11 12 13 14 15 16 17 18 19 20 21 22 23 24 25 26 27 28 29 30 31 32 33 34 35 36 37 38 39 40 41 42 43 44 45 46 47 48 49 50 51 52 53 54 55 56 57 58 59 60 61 62 63 64 65 66 67 68 69 70 71 72 73 74 75 76 77 78 79 80 81 82 83 84 85 86 87 88 89 90 91 92 93 94 95 96 97 98 99 100 
Case #88: 226925207756233 56277451520000000 
Case #89: IMPOSSIBLE
Case #90: 1020305 506070810 1011121315 1516171820 2021222325 2526272830 3031323335 3536373840 4041424345 4546474850 5051525355 5556575860 6061626365 6566676870 7071727375 7576777880 8081828385 8586878890 9091929395 9596979900 
Case #91: IMPOSSIBLE
Case #92: IMPOSSIBLE
Case #93: 933666069237 421083397225518 841233128381799 1261382859538080 1681532590694361 2101682321847936 
Case #94: 1 
Case #95: 1 2 3 4 5 6 7 8 9 10 11 12 13 14 15 16 17 18 19 20 21 22 23 24 25 26 27 28 29 30 31 32 33 34 35 36 37 38 39 40 41 42 43 
Case #96: 31525197391593472 
Case #97: 117690 12122004 24126318 
Case #98: 1 2 3 
Case #99: 2 9 
Case #100: IMPOSSIBLE
