Case #1: 4 
Case #2: 1 
Case #3: 1 2 
Case #4: 2 9 
Case #5: 22 1165 2308 3451 4594 5737 6859 
Case #6: 36 3405 6774 10143 13512 16881 20250 23619 26988 30357 33726 
Case #7: 7747 2672387 5337027 8001667 10666307 13330947 15995587 18660227 21324867 23989507 26654147 29318787 31983427 34648067 37312707 39977347 42641987 45306627 47971267 50635907 53300547 55965186 
Case #8: 1 
Case #9: 32501556 14463192012 28893882468 43324572924 57755263380 72185953836 86616644292 101047334748 115478025204 129908715660 144339406116 158770096572 173200781250 
Case #10: 623749 57384866 
Case #11: 469762048 
Case #12: 152686330658692 45958585528266136 91758612174694400 
Case #13: 1068783500053 491640410024002 982212036547951 1472783663071900 1963355289595849 2453926916119744 
Case #14: 12345679000000000 
Case #15: 61485241373877 50971265098943286 101881044956512695 152790824814082104 203700604671651513 254610384529220922 305520164386790331 356429944244359740 407339724101929149 458249503959498558 509159276708125734 
Case #16: 3183 210038 416892 
Case #17: 89193 19265498 38441803 57618108 76794413 95970718 115147023 134323328 153499632 
Case #18: 1 
Case #19: 1 2 3 4 
Case #20: 1 
Case #21: 399899 144363204 288326509 432289814 576253119 720216424 864179729 1008143034 1152106339 1296069644 1440032949 1583996254 1727959559 1871922864 2015886094 
Case #22: 14 413 812 1210 
Case #23: 15038336683837 10165915598273218 20316792859862599 30467670121451980 40618547383041361 50769424644630742 60920301906220123 71071179167809504 81222056395141120 
Case #24: 1 2 3 4 5 6 7 8 9 10 11 12 13 14 15 16 17 18 19 20 21 22 23 24 25 26 27 28 29 30 31 32 33 34 35 36 37 38 39 40 41 42 43 44 45 46 47 48 49 50 51 52 53 54 55 56 57 58 59 60 61 62 63 64 65 66 67 68 69 70 71 72 73 74 75 76 77 78 79 80 81 82 83 84 85 86 87 88 89 90 91 92 93 94 95 96 97 98 99 100 
Case #25: 93 24666 49239 73812 98385 122958 147531 172104 196677 221250 245823 270396 294969 319542 344115 368688 393261 417834 442407 466980 491553 516126 540699 565272 589845 614418 638991 663564 688137 712710 
Case #26: 11376556196807 3390213746648310 6769050936438784 
Case #27: 1 
Case #28: 518246912 112459579752 224400912592 336342221824 
Case #29: 83576029 21729767330 43375958631 65022149932 86668341233 108314474656 
Case #30: 2 
Case #31: 1 2 3 4 5 6 7 8 9 10 11 12 13 14 15 16 17 18 19 20 21 22 23 24 25 26 27 28 29 30 31 32 33 34 35 36 37 38 39 40 41 42 43 44 45 46 47 48 49 50 51 52 53 54 55 56 57 58 59 60 61 62 63 64 65 66 67 68 69 70 71 72 73 74 75 76 
Case #32: 100063090197999414 
Case #33: 1 2 3 
Case #34: 1220326772117 572333256122486 1143446185472855 1714559114823224 2285672044173593 2856784973523961 
Case #35: 1 2 3 4 5 6 7 8 9 10 11 12 13 14 15 16 17 18 19 20 21 22 23 24 25 26 27 28 29 30 31 
Case #36: 486 
Case #37: 31525197391593472 
Case #38: 18508819 3516675470 7014842121 10513008772 
Case #39: 103 30406 60709 91012 121315 151618 181921 212224 242527 272830 303133 333436 363739 394042 424345 454648 484951 515254 545557 575860 606163 636466 666769 697072 727375 757678 787981 818284 848587 878890 909193 939496 969799 1000000 
Case #40: 264909533 51127539741 101990169949 152587890625 
Case #41: 821939 378913444 757004949 1135096454 1513187959 1891279464 2269370969 2647462474 3025553979 3403645484 3781736989 4159828494 4537919999 4916011504 5294103009 5672194514 6050286019 6428377524 6806468934 
Case #42: 45 5466 10887 16308 21729 27150 32571 37992 43413 48834 54255 59676 65097 70518 
Case #43: 259374246 25937424601 
Case #44: 172675939 52148133326 104123590713 156099048100 208074505487 260049962874 312021495808 
Case #45: 45242304197765 35877147228826934 71709052153456103 107540957078085272 143372862002714441 179204766927343610 215036671851972779 250868576776601948 286700481701231117 322532386625860285 
Case #46: 10204 4050608 8091012 12131416 16171820 20212224 24252628 28293032 32333436 36373840 40414244 44454648 48495052 52535456 56575860 60616264 64656668 68697072 72737476 76777880 80818284 84858688 88899092 92939496 96979900 
Case #47: 434434594 158568626495 316702818396 474837010297 632971202198 791105394099 949239586000 1107373774983 
Case #48: 1 
Case #49: 5094148 1411078756 2817063364 4223047972 5629032580 7035017188 8441001796 9846986403 
Case #50: 16269262808 6393820283216 12771371303624 19148922324032 25526473344440 31904024364848 38281250000000 
Case #51: 68 12941 25814 38687 51560 64433 77306 90179 103052 115925 128798 141671 154544 167417 180290 193163 206036 218909 231782 244655 257528 270400 
Case #52: 1 
Case #53: 12346 679000 
Case #54: 11219501056 
Case #55: 403056 
Case #56: 62762119218 
Case #57: 8 
Case #58: 21505804838969 15312133045345298 30602760285851627 45893387526357956 61184014766864285 76474642007370614 91765269247876943 107055896488383272 122346523728889600 
Case #59: 5100794956 3075779357915 6146457920874 9217136483833 12287815046792 15358493609751 18429172172710 21499850735669 24570529298628 27641207861587 30711886424546 33782564987505 36853242876558 
Case #60: 31384283766 
Case #61: 774840978 
Case #62: 2 204 406 608 810 1012 1214 1416 1618 1820 2022 2224 2426 2628 2830 3032 3234 3436 3638 3840 4042 4244 4446 4648 4850 5052 5254 5456 5658 5860 6062 6264 6466 6668 6870 7072 7274 7476 7678 7880 8082 8284 8486 8688 8890 9092 9294 9496 9698 9900 
Case #63: 18804980736 
Case #64: 3265338 806538276 1609811214 2413084152 3216357090 4019630028 4822902966 
Case #65: 316633286010076 
Case #66: 24678 1653396 
Case #67: 2 50 98 146 194 242 290 338 386 434 482 529 
Case #68: 28 
Case #69: 6379765672 4025632138451 8044884511230 12064136884009 16083389256788 20102641629567 24121894002346 28141146375125 32160398747904 36179651120683 40198903493462 44218155866241 48237408239020 
Case #70: 6 
Case #71: 76735068789417 65685218883740178 131293702698690939 196902186513641700 262510670328592461 328119154143543222 393727637958493983 459336121773444744 524944605588395505 590553089403346266 656161573218287616 
Case #72: 7881299347898368 
Case #73: 18 
Case #74: 2 94 186 278 370 462 554 646 738 830 922 1014 1106 1198 1290 1382 1474 1566 1658 1750 1842 1934 2025 
Case #75: 163463 43480918 86798373 130115828 173433283 216750738 260068193 303385648 346703103 390020558 433338012 
Case #76: 7 64 
Case #77: 1 
Case #78: 288230376151711744 
Case #79: 222382041797 41807823851232 
Case #80: 8796093022208 
Case #81: 146177 37421082 74695987 111970892 149245797 186520702 223795607 261070512 298345417 335620322 372892416 
Case #82: 1 2 3 4 5 6 7 8 9 10 11 12 13 14 15 16 17 18 19 20 21 22 23 24 25 26 
Case #83: 1 
Case #84: 33520 2446924 4826809 
Case #85: 923129113732 
Case #86: 3583540 906635404 1809687268 2712739132 3615790996 4518842860 5421894724 6321363049 
Case #87: 86 21005 41924 62843 83762 104681 125600 146519 167438 188357 209276 230195 251114 272033 292952 313871 334790 355709 376628 397547 418466 439385 460304 481223 502142 523061 543980 564898 
Case #88: 2 12 
Case #89: 161792257795 23298085122481 
Case #90: 1235 56790 
Case #91: 88611729421847 77446651514693486 154804691299965125 232162731085236764 309520770870508403 386878810655780042 464236850441051681 541594890226323320 618952930011594959 696310969796866598 773669009582138236 
Case #92: 3545707 475124654 946703600 
Case #93: 4294967296 
Case #94: 102030405060709 91011121314151618 181920212223242527 272829303132333436 363738394041424345 454647484950515254 545556575859606163 636465666768697072 727374757677787981 818283848586878890 909192939495969799 1000000000000000000 
Case #95: 1418282549 243944598338 486400000000 
Case #96: 66 12165 24264 36363 48462 60561 72660 84759 96858 108957 121056 133155 145254 157353 169452 181551 193650 205749 217848 229947 242046 
Case #97: 268822560488 170164680788336 340060539016184 509956397244032 679852255471880 849748113699728 1019643971927576 1189539830155424 1359435688383272 1529331546611120 
Case #98: 8589934592 
Case #99: 39366 
Case #100: 1 2 3 4 5 6 7 8 9 10 11 12 13 14 15 16 17 18 19 20 21 22 23 24 25 26 27 28 29 30 31 32 33 34 35 36 37 38 39 40 41 42 43 44 45 46 47 48 49 50 51 52 53 54 55 56 57 58 59 60 61 62 63 64 65 66 67 68 69 70 71 72 73 74 75 76 77 78 79 80 81 82 83 84 85 86 87 88 89 90 91 92 93 94 95 96 97 98 
